<?xml version="1.0" encoding="UTF-8"?>
<!-- Generated by org.testng.reporters.JUnitReportReporter -->
<testsuite skipped="0" hostname="VAIO" name="Group_Package.Group" tests="1" failures="0" timestamp="12 Mar 2017 03:26:11 GMT" time="0.022" errors="0">
  <testcase name="h" time="0.022" classname="Group_Package.Group"/>
</testsuite> <!-- Group_Package.Group -->
