<?xml version="1.0" encoding="UTF-8"?>
<!-- Generated by org.testng.reporters.JUnitReportReporter -->
<testsuite skipped="0" hostname="VAIO" name="ExcludePackage.ExcludeClass" tests="3" failures="0" timestamp="12 Mar 2017 02:53:43 GMT" time="0.019" errors="0">
  <testcase name="Three" time="0.016" classname="ExcludePackage.ExcludeClass"/>
  <testcase name="Two" time="0.000" classname="ExcludePackage.ExcludeClass"/>
  <testcase name="One" time="0.003" classname="ExcludePackage.ExcludeClass"/>
</testsuite> <!-- ExcludePackage.ExcludeClass -->
