<?xml version="1.0" encoding="UTF-8"?>
<!-- Generated by org.testng.reporters.JUnitReportReporter -->
<testsuite skipped="0" hostname="VAIO" name="TestNGClasses.Test1" tests="1" failures="0" timestamp="13 Sep 2018 05:51:35 GMT" time="0.000" errors="0">
  <testcase name="Facebook" time="0.000" classname="TestNGClasses.Test1"/>
</testsuite> <!-- TestNGClasses.Test1 -->
