<?xml version="1.0" encoding="UTF-8"?>
<!-- Generated by org.testng.reporters.JUnitReportReporter -->
<testsuite skipped="0" hostname="VAIO" name="TestNGClasses.Test2" tests="1" failures="0" timestamp="13 Sep 2018 05:51:35 GMT" time="0.019" errors="0">
  <testcase name="Twitter" time="0.019" classname="TestNGClasses.Test2"/>
</testsuite> <!-- TestNGClasses.Test2 -->
