<?xml version="1.0" encoding="UTF-8"?>
<!-- Generated by org.testng.reporters.JUnitReportReporter -->
<testsuite skipped="0" hostname="VAIO" name="TestGn_Firest.Testgn_TC" tests="2" failures="0" timestamp="08 Nov 2017 15:44:37 GMT" time="0.043" errors="0">
  <testcase name="f" time="0.006" classname="TestGn_Firest.Testgn_TC"/>
  <testcase name="Testgm" time="0.037" classname="TestGn_Firest.Testgn_TC"/>
</testsuite> <!-- TestGn_Firest.Testgn_TC -->
