<?xml version="1.0" encoding="UTF-8"?>
<!-- Generated by org.testng.reporters.JUnitReportReporter -->
<testsuite skipped="0" hostname="VAIO" name="TestGn_Firest.Suite2" tests="1" failures="0" timestamp="11 Mar 2017 03:40:53 GMT" time="0.000" errors="0">
  <testcase name="f" time="0.000" classname="TestGn_Firest.Suite2"/>
</testsuite> <!-- TestGn_Firest.Suite2 -->
