<?xml version="1.0" encoding="UTF-8"?>
<!-- Generated by org.testng.reporters.JUnitReportReporter -->
<testsuite skipped="0" hostname="VAIO" name="TestPackage.HRM" tests="1" failures="0" timestamp="11 Mar 2017 04:10:12 GMT" time="37.580" errors="0">
  <testcase name="f" time="37.580" classname="TestPackage.HRM"/>
</testsuite> <!-- TestPackage.HRM -->
