<?xml version="1.0" encoding="UTF-8"?>
<!-- Generated by org.testng.reporters.JUnitReportReporter -->
<testsuite skipped="0" hostname="VAIO" name="Testgn3.FiveClass" tests="4" failures="0" timestamp="11 Mar 2017 04:23:32 GMT" time="0.020" errors="0">
  <testcase name="Thrid" time="0.020" classname="Testgn3.FiveClass"/>
  <testcase name="first" time="0.000" classname="Testgn3.FiveClass"/>
  <testcase name="Second" time="0.000" classname="Testgn3.FiveClass"/>
  <testcase name="fourth" time="0.000" classname="Testgn3.FiveClass"/>
</testsuite> <!-- Testgn3.FiveClass -->
