<?xml version="1.0" encoding="UTF-8"?>
<!-- Generated by org.testng.reporters.JUnitReportReporter -->
<testsuite hostname="PU4LC1THT12" name="org.ORHRM.TestCases.LoginTest" tests="1" failures="0" timestamp="18 Oct 2015 07:33:57 GMT" time="11.258" errors="0">
  <testcase name="LoginTest" time="11.258" classname="org.ORHRM.TestCases.LoginTest"/>
</testsuite> <!-- org.ORHRM.TestCases.LoginTest -->
